Name:                                                     scale-test-app-hpa
Namespace:                                                default
Labels:                                                   <none>
Annotations:                                              <none>
CreationTimestamp:                                        Wed, 27 Nov 2024 19:46:25 +0300
Reference:                                                Deployment/scale-test-app
Metrics:                                                  ( current / target )
  resource memory on pods  (as a percentage of request):  18% (5769625600m) / 20%
Min replicas:                                             1
Max replicas:                                             10
Deployment pods:                                          5 current / 5 desired
Conditions:
  Type            Status  Reason              Message
  ----            ------  ------              -------
  AbleToScale     True    ReadyForNewScale    recommended size matches current size
  ScalingActive   True    ValidMetricFound    the HPA was able to successfully calculate a replica count from memory resource utilization (percentage of request)
  ScalingLimited  False   DesiredWithinRange  the desired count is within the acceptable range
Events:
  Type    Reason             Age    From                       Message
  ----    ------             ----   ----                       -------
  Normal  SuccessfulRescale  11m    horizontal-pod-autoscaler  New size: 2; reason: memory resource utilization (percentage of request) above target
  Normal  SuccessfulRescale  9m44s  horizontal-pod-autoscaler  New size: 4; reason: memory resource utilization (percentage of request) above target
  Normal  SuccessfulRescale  8m29s  horizontal-pod-autoscaler  New size: 5; reason: memory resource utilization (percentage of request) above target
